2019-01-21 17:25:03,674 WARN  SOFA-RPC-ShutdownHook            - SOFA RPC Framework catch JVM shutdown event, Run shutdown hook now.
2019-01-21 17:25:03,804 INFO  Thread-20                        - Unexport provider config : com.example.demo.service.UserService::bolt with bean id rpc-cfg-1
2019-01-21 17:25:03,868 INFO  SOFA-RPC-ShutdownHook            - UnRefer consumer config : bolt://com.example.demo.service.UserService: with bean id rpc-cfg-0
2019-01-21 17:25:04,224 INFO  SOFA-RPC-ShutdownHook            - Uninstall Module: fault-tolerance
2019-01-21 17:25:04,224 INFO  SOFA-RPC-ShutdownHook            - Uninstall Module: sofaTracer-resteasy
2019-01-21 17:25:04,224 INFO  SOFA-RPC-ShutdownHook            - Uninstall Module: sofaTracer
2019-01-21 17:25:04,225 WARN  SOFA-RPC-ShutdownHook            - SOFA RPC Framework has been release all resources ...
2019-01-21 17:25:13,852 INFO  main                             - Welcome! Loading SOFA RPC Framework : 5.4.7_20181025093119, PID is:20683
2019-01-21 17:25:13,881 INFO  main                             - Install Module: fault-tolerance
2019-01-21 17:25:13,901 INFO  main                             - Install Module: sofaTracer-resteasy
2019-01-21 17:25:13,975 INFO  main                             - The module lookout does not need to be loaded.
2019-01-21 17:25:13,975 INFO  main                             - Install Module: sofaTracer
2019-01-21 17:25:14,010 INFO  main                             - Refer consumer config : bolt://com.example.demo.service.UserService: with bean id rpc-cfg-0
2019-01-21 17:25:16,171 INFO  main                             - Export provider config : com.example.demo.service.UserService::bolt with bean id rpc-cfg-1
2019-01-21 17:25:16,753 INFO  main                             - service published.  interfaceId[com.example.demo.service.UserService]; protocol[bolt]
2019-01-21 17:26:14,066 WARN  SOFA-RPC-ShutdownHook            - SOFA RPC Framework catch JVM shutdown event, Run shutdown hook now.
2019-01-21 17:26:14,073 INFO  Thread-24                        - Unexport provider config : com.example.demo.service.UserService::bolt with bean id rpc-cfg-1
2019-01-21 17:26:14,100 INFO  SOFA-RPC-ShutdownHook            - UnRefer consumer config : bolt://com.example.demo.service.UserService: with bean id rpc-cfg-0
2019-01-21 17:26:14,158 INFO  SOFA-RPC-ShutdownHook            - Uninstall Module: fault-tolerance
2019-01-21 17:26:14,158 INFO  SOFA-RPC-ShutdownHook            - Uninstall Module: sofaTracer-resteasy
2019-01-21 17:26:14,159 INFO  SOFA-RPC-ShutdownHook            - Uninstall Module: sofaTracer
2019-01-21 17:26:14,163 WARN  SOFA-RPC-ShutdownHook            - SOFA RPC Framework has been release all resources ...
2019-01-21 17:26:23,430 INFO  main                             - Welcome! Loading SOFA RPC Framework : 5.4.7_20181025093119, PID is:20712
2019-01-21 17:26:23,443 INFO  main                             - Install Module: fault-tolerance
2019-01-21 17:26:23,452 INFO  main                             - Install Module: sofaTracer-resteasy
2019-01-21 17:26:23,510 INFO  main                             - The module lookout does not need to be loaded.
2019-01-21 17:26:23,510 INFO  main                             - Install Module: sofaTracer
2019-01-21 17:26:23,538 INFO  main                             - Refer consumer config : bolt://com.example.demo.service.UserService: with bean id rpc-cfg-0
2019-01-21 17:26:25,877 INFO  main                             - Export provider config : com.example.demo.service.UserService::bolt with bean id rpc-cfg-1
2019-01-21 17:26:26,896 INFO  main                             - service published.  interfaceId[com.example.demo.service.UserService]; protocol[bolt]
2019-01-21 17:26:44,895 WARN  SOFA-RPC-ShutdownHook            - SOFA RPC Framework catch JVM shutdown event, Run shutdown hook now.
2019-01-21 17:26:44,900 INFO  Thread-26                        - Unexport provider config : com.example.demo.service.UserService::bolt with bean id rpc-cfg-1
2019-01-21 17:26:44,910 INFO  SOFA-RPC-ShutdownHook            - UnRefer consumer config : bolt://com.example.demo.service.UserService: with bean id rpc-cfg-0
2019-01-21 17:26:44,940 INFO  SOFA-RPC-ShutdownHook            - Uninstall Module: fault-tolerance
2019-01-21 17:26:44,940 INFO  SOFA-RPC-ShutdownHook            - Uninstall Module: sofaTracer-resteasy
2019-01-21 17:26:44,940 INFO  SOFA-RPC-ShutdownHook            - Uninstall Module: sofaTracer
2019-01-21 17:26:44,941 WARN  SOFA-RPC-ShutdownHook            - SOFA RPC Framework has been release all resources ...
2019-01-21 17:55:28,021 INFO  main                             - Welcome! Loading SOFA RPC Framework : 5.4.7_20181025093119, PID is:21339
2019-01-21 17:55:28,058 INFO  main                             - Install Module: fault-tolerance
2019-01-21 17:55:28,091 INFO  main                             - Install Module: sofaTracer-resteasy
2019-01-21 17:55:28,184 INFO  main                             - The module lookout does not need to be loaded.
2019-01-21 17:55:28,185 INFO  main                             - Install Module: sofaTracer
2019-01-21 17:55:28,334 INFO  main                             - Refer consumer config : bolt://com.example.demo.service.UserService: with bean id rpc-cfg-0
2019-01-21 17:55:38,213 INFO  main                             - Export provider config : com.example.demo.service.UserService::bolt with bean id rpc-cfg-1
2019-01-21 17:55:40,214 INFO  main                             - service published.  interfaceId[com.example.demo.service.UserService]; protocol[bolt]
2019-01-21 17:55:41,104 WARN  SOFA-RPC-ShutdownHook            - SOFA RPC Framework catch JVM shutdown event, Run shutdown hook now.
2019-01-21 17:55:41,151 INFO  Thread-6                         - Unexport provider config : com.example.demo.service.UserService::bolt with bean id rpc-cfg-1
2019-01-21 17:55:41,182 INFO  SOFA-RPC-ShutdownHook            - UnRefer consumer config : bolt://com.example.demo.service.UserService: with bean id rpc-cfg-0
2019-01-21 17:55:41,235 INFO  SOFA-RPC-ShutdownHook            - Uninstall Module: fault-tolerance
2019-01-21 17:55:41,235 INFO  SOFA-RPC-ShutdownHook            - Uninstall Module: sofaTracer-resteasy
2019-01-21 17:55:41,235 INFO  SOFA-RPC-ShutdownHook            - Uninstall Module: sofaTracer
2019-01-21 17:55:41,236 WARN  SOFA-RPC-ShutdownHook            - SOFA RPC Framework has been release all resources ...
2019-01-21 17:56:05,717 INFO  main                             - Welcome! Loading SOFA RPC Framework : 5.4.7_20181025093119, PID is:21356
2019-01-21 17:56:05,737 INFO  main                             - Install Module: fault-tolerance
2019-01-21 17:56:05,770 INFO  main                             - Install Module: sofaTracer-resteasy
2019-01-21 17:56:05,873 INFO  main                             - The module lookout does not need to be loaded.
2019-01-21 17:56:05,875 INFO  main                             - Install Module: sofaTracer
2019-01-21 17:56:05,987 INFO  main                             - Refer consumer config : bolt://com.example.demo.service.UserService: with bean id rpc-cfg-0
2019-01-21 17:56:12,487 INFO  main                             - Export provider config : com.example.demo.service.UserService::bolt with bean id rpc-cfg-1
2019-01-21 17:56:13,397 INFO  main                             - service published.  interfaceId[com.example.demo.service.UserService]; protocol[bolt]
2019-01-21 17:56:13,842 WARN  SOFA-RPC-ShutdownHook            - SOFA RPC Framework catch JVM shutdown event, Run shutdown hook now.
2019-01-21 17:56:13,843 INFO  Thread-6                         - Unexport provider config : com.example.demo.service.UserService::bolt with bean id rpc-cfg-1
2019-01-21 17:56:13,859 INFO  SOFA-RPC-ShutdownHook            - UnRefer consumer config : bolt://com.example.demo.service.UserService: with bean id rpc-cfg-0
2019-01-21 17:56:13,893 INFO  SOFA-RPC-ShutdownHook            - Uninstall Module: fault-tolerance
2019-01-21 17:56:13,893 INFO  SOFA-RPC-ShutdownHook            - Uninstall Module: sofaTracer-resteasy
2019-01-21 17:56:13,893 INFO  SOFA-RPC-ShutdownHook            - Uninstall Module: sofaTracer
2019-01-21 17:56:13,894 WARN  SOFA-RPC-ShutdownHook            - SOFA RPC Framework has been release all resources ...
2019-01-21 17:59:33,488 INFO  main                             - Welcome! Loading SOFA RPC Framework : 5.4.7_20181025093119, PID is:21436
2019-01-21 17:59:33,558 INFO  main                             - Install Module: fault-tolerance
2019-01-21 17:59:33,604 INFO  main                             - Install Module: sofaTracer-resteasy
2019-01-21 17:59:33,945 INFO  main                             - The module lookout does not need to be loaded.
2019-01-21 17:59:33,946 INFO  main                             - Install Module: sofaTracer
2019-01-21 17:59:34,286 INFO  main                             - Refer consumer config : bolt://com.example.demo.service.UserService: with bean id rpc-cfg-0
2019-01-21 17:59:39,338 INFO  main                             - Welcome! Loading SOFA RPC Framework : 5.4.7_20181025093119, PID is:21443
2019-01-21 17:59:39,464 INFO  main                             - Install Module: fault-tolerance
2019-01-21 17:59:39,502 INFO  main                             - Install Module: sofaTracer-resteasy
2019-01-21 17:59:39,672 INFO  main                             - The module lookout does not need to be loaded.
2019-01-21 17:59:39,673 INFO  main                             - Install Module: sofaTracer
2019-01-21 17:59:39,899 INFO  main                             - Refer consumer config : bolt://com.example.demo.service.UserService: with bean id rpc-cfg-0
2019-01-21 17:59:45,806 INFO  main                             - Export provider config : com.example.demo.service.UserService::bolt with bean id rpc-cfg-1
2019-01-21 17:59:47,802 INFO  main                             - service published.  interfaceId[com.example.demo.service.UserService]; protocol[bolt]
2019-01-21 17:59:48,631 WARN  SOFA-RPC-ShutdownHook            - SOFA RPC Framework catch JVM shutdown event, Run shutdown hook now.
2019-01-21 17:59:48,633 INFO  Thread-6                         - Unexport provider config : com.example.demo.service.UserService::bolt with bean id rpc-cfg-1
2019-01-21 17:59:48,650 INFO  SOFA-RPC-ShutdownHook            - UnRefer consumer config : bolt://com.example.demo.service.UserService: with bean id rpc-cfg-0
2019-01-21 17:59:48,706 INFO  SOFA-RPC-ShutdownHook            - Uninstall Module: fault-tolerance
2019-01-21 17:59:48,706 INFO  SOFA-RPC-ShutdownHook            - Uninstall Module: sofaTracer-resteasy
2019-01-21 17:59:48,706 INFO  SOFA-RPC-ShutdownHook            - Uninstall Module: sofaTracer
2019-01-21 17:59:48,707 WARN  SOFA-RPC-ShutdownHook            - SOFA RPC Framework has been release all resources ...
2019-01-21 17:59:50,650 INFO  main                             - Export provider config : com.example.demo.service.UserService::bolt with bean id rpc-cfg-1
2019-01-21 17:59:51,753 INFO  main                             - service published.  interfaceId[com.example.demo.service.UserService]; protocol[bolt]
2019-01-21 17:59:52,309 WARN  SOFA-RPC-ShutdownHook            - SOFA RPC Framework catch JVM shutdown event, Run shutdown hook now.
2019-01-21 17:59:52,311 INFO  Thread-6                         - Unexport provider config : com.example.demo.service.UserService::bolt with bean id rpc-cfg-1
2019-01-21 17:59:52,324 INFO  SOFA-RPC-ShutdownHook            - UnRefer consumer config : bolt://com.example.demo.service.UserService: with bean id rpc-cfg-0
2019-01-21 17:59:52,370 INFO  SOFA-RPC-ShutdownHook            - Uninstall Module: fault-tolerance
2019-01-21 17:59:52,370 INFO  SOFA-RPC-ShutdownHook            - Uninstall Module: sofaTracer-resteasy
2019-01-21 17:59:52,370 INFO  SOFA-RPC-ShutdownHook            - Uninstall Module: sofaTracer
2019-01-21 17:59:52,371 WARN  SOFA-RPC-ShutdownHook            - SOFA RPC Framework has been release all resources ...
2019-01-21 18:06:42,589 INFO  main                             - Welcome! Loading SOFA RPC Framework : 5.4.7_20181025093119, PID is:21606
2019-01-21 18:06:42,609 INFO  main                             - Install Module: fault-tolerance
2019-01-21 18:06:42,623 INFO  main                             - Install Module: sofaTracer-resteasy
2019-01-21 18:06:42,674 INFO  main                             - The module lookout does not need to be loaded.
2019-01-21 18:06:42,675 INFO  main                             - Install Module: sofaTracer
2019-01-21 18:06:42,700 INFO  main                             - Refer consumer config : bolt://com.example.demo.service.UserService: with bean id rpc-cfg-0
2019-01-21 18:06:44,207 INFO  main                             - Export provider config : com.example.demo.service.UserService::bolt with bean id rpc-cfg-1
2019-01-21 18:06:44,861 INFO  main                             - service published.  interfaceId[com.example.demo.service.UserService]; protocol[bolt]
2019-01-21 18:19:31,048 WARN  SOFA-RPC-ShutdownHook            - SOFA RPC Framework catch JVM shutdown event, Run shutdown hook now.
2019-01-21 18:19:31,061 INFO  Thread-22                        - Unexport provider config : com.example.demo.service.UserService::bolt with bean id rpc-cfg-1
2019-01-21 18:19:31,099 INFO  SOFA-RPC-ShutdownHook            - UnRefer consumer config : bolt://com.example.demo.service.UserService: with bean id rpc-cfg-0
2019-01-21 18:19:31,211 INFO  SOFA-RPC-ShutdownHook            - Uninstall Module: fault-tolerance
2019-01-21 18:19:31,212 INFO  SOFA-RPC-ShutdownHook            - Uninstall Module: sofaTracer-resteasy
2019-01-21 18:19:31,212 INFO  SOFA-RPC-ShutdownHook            - Uninstall Module: sofaTracer
2019-01-21 18:19:31,215 WARN  SOFA-RPC-ShutdownHook            - SOFA RPC Framework has been release all resources ...
2019-01-21 18:22:52,307 INFO  main                             - Welcome! Loading SOFA RPC Framework : 5.4.7_20181025093119, PID is:22100
2019-01-21 18:22:52,337 INFO  main                             - Install Module: fault-tolerance
2019-01-21 18:22:52,361 INFO  main                             - Install Module: sofaTracer-resteasy
2019-01-21 18:22:52,447 INFO  main                             - The module lookout does not need to be loaded.
2019-01-21 18:22:52,448 INFO  main                             - Install Module: sofaTracer
2019-01-21 18:22:52,498 INFO  main                             - Refer consumer config : bolt://com.example.demo.service.UserService: with bean id rpc-cfg-0
2019-01-21 18:22:54,239 INFO  main                             - Export provider config : com.example.demo.service.UserService::bolt with bean id rpc-cfg-1
2019-01-21 18:22:55,139 INFO  main                             - service published.  interfaceId[com.example.demo.service.UserService]; protocol[bolt]
