2019-01-21 17:25:09,340 INFO  main                             - SOFABoot HealthCheck Starting!
2019-01-21 17:25:16,238 INFO  main                             - Found 2 HealthChecker implementation:sofaModuleHealthChecker,sofaComponentHealthChecker
2019-01-21 17:25:16,240 INFO  main                             - Found 3 HealthIndicator implementation:sofaBootHealthIndicator,dbHealthIndicator,diskSpaceHealthIndicator
2019-01-21 17:25:16,241 INFO  main                             - Found 1 ReadinessCheckCallback implementation: rpcAfterHealthCheckCallback
2019-01-21 17:25:16,242 INFO  main                             - Begin SOFABoot HealthChecker readiness check.
2019-01-21 17:25:16,244 INFO  main                             - HealthChecker[sofaModuleHealthChecker] readiness check success with 0 retry.
2019-01-21 17:25:16,246 INFO  main                             - HealthChecker[sofaComponentHealthChecker] readiness check success with 0 retry.
2019-01-21 17:25:16,246 INFO  main                             - SOFABoot HealthChecker readiness check result: success.
2019-01-21 17:25:16,247 INFO  main                             - Begin SOFABoot HealthIndicator readiness check.
2019-01-21 17:25:16,450 INFO  main                             - HealthIndicator[dbHealthIndicator] readiness check success.
2019-01-21 17:25:16,450 INFO  main                             - HealthIndicator[diskSpaceHealthIndicator] readiness check success.
2019-01-21 17:25:16,450 INFO  main                             - SOFABoot HealthIndicator readiness check result: success.
2019-01-21 17:25:16,450 INFO  main                             - Begin ReadinessCheckCallback readiness check
2019-01-21 17:25:16,755 INFO  main                             - SOFABoot ReadinessCheckCallback[rpcAfterHealthCheckCallback] check success.
2019-01-21 17:25:16,756 INFO  main                             - ReadinessCheckCallback readiness check result: success.
2019-01-21 17:25:16,756 INFO  main                             - Readiness check result: success
2019-01-21 17:26:18,452 INFO  main                             - SOFABoot HealthCheck Starting!
2019-01-21 17:26:26,049 INFO  main                             - Found 2 HealthChecker implementation:sofaModuleHealthChecker,sofaComponentHealthChecker
2019-01-21 17:26:26,067 INFO  main                             - Found 3 HealthIndicator implementation:sofaBootHealthIndicator,dbHealthIndicator,diskSpaceHealthIndicator
2019-01-21 17:26:26,071 INFO  main                             - Found 1 ReadinessCheckCallback implementation: rpcAfterHealthCheckCallback
2019-01-21 17:26:26,072 INFO  main                             - Begin SOFABoot HealthChecker readiness check.
2019-01-21 17:26:26,075 INFO  main                             - HealthChecker[sofaModuleHealthChecker] readiness check success with 0 retry.
2019-01-21 17:26:26,076 INFO  main                             - HealthChecker[sofaComponentHealthChecker] readiness check success with 0 retry.
2019-01-21 17:26:26,076 INFO  main                             - SOFABoot HealthChecker readiness check result: success.
2019-01-21 17:26:26,078 INFO  main                             - Begin SOFABoot HealthIndicator readiness check.
2019-01-21 17:26:26,439 INFO  main                             - HealthIndicator[dbHealthIndicator] readiness check success.
2019-01-21 17:26:26,441 INFO  main                             - HealthIndicator[diskSpaceHealthIndicator] readiness check success.
2019-01-21 17:26:26,441 INFO  main                             - SOFABoot HealthIndicator readiness check result: success.
2019-01-21 17:26:26,441 INFO  main                             - Begin ReadinessCheckCallback readiness check
2019-01-21 17:26:26,899 INFO  main                             - SOFABoot ReadinessCheckCallback[rpcAfterHealthCheckCallback] check success.
2019-01-21 17:26:26,900 INFO  main                             - ReadinessCheckCallback readiness check result: success.
2019-01-21 17:26:26,900 INFO  main                             - Readiness check result: success
2019-01-21 17:55:22,740 INFO  main                             - SOFABoot HealthCheck Starting!
2019-01-21 17:55:38,374 INFO  main                             - Found 2 HealthChecker implementation:sofaModuleHealthChecker,sofaComponentHealthChecker
2019-01-21 17:55:38,381 INFO  main                             - Found 3 HealthIndicator implementation:sofaBootHealthIndicator,dbHealthIndicator,diskSpaceHealthIndicator
2019-01-21 17:55:38,391 INFO  main                             - Found 1 ReadinessCheckCallback implementation: rpcAfterHealthCheckCallback
2019-01-21 17:55:38,392 INFO  main                             - Begin SOFABoot HealthChecker readiness check.
2019-01-21 17:55:38,397 INFO  main                             - HealthChecker[sofaModuleHealthChecker] readiness check success with 0 retry.
2019-01-21 17:55:38,410 INFO  main                             - HealthChecker[sofaComponentHealthChecker] readiness check success with 0 retry.
2019-01-21 17:55:38,411 INFO  main                             - SOFABoot HealthChecker readiness check result: success.
2019-01-21 17:55:38,413 INFO  main                             - Begin SOFABoot HealthIndicator readiness check.
2019-01-21 17:55:39,143 INFO  main                             - HealthIndicator[dbHealthIndicator] readiness check success.
2019-01-21 17:55:39,143 INFO  main                             - HealthIndicator[diskSpaceHealthIndicator] readiness check success.
2019-01-21 17:55:39,143 INFO  main                             - SOFABoot HealthIndicator readiness check result: success.
2019-01-21 17:55:39,143 INFO  main                             - Begin ReadinessCheckCallback readiness check
2019-01-21 17:55:40,219 INFO  main                             - SOFABoot ReadinessCheckCallback[rpcAfterHealthCheckCallback] check success.
2019-01-21 17:55:40,233 INFO  main                             - ReadinessCheckCallback readiness check result: success.
2019-01-21 17:55:40,237 INFO  main                             - Readiness check result: success
2019-01-21 17:56:01,477 INFO  main                             - SOFABoot HealthCheck Starting!
2019-01-21 17:56:12,559 INFO  main                             - Found 2 HealthChecker implementation:sofaModuleHealthChecker,sofaComponentHealthChecker
2019-01-21 17:56:12,562 INFO  main                             - Found 3 HealthIndicator implementation:sofaBootHealthIndicator,dbHealthIndicator,diskSpaceHealthIndicator
2019-01-21 17:56:12,564 INFO  main                             - Found 1 ReadinessCheckCallback implementation: rpcAfterHealthCheckCallback
2019-01-21 17:56:12,564 INFO  main                             - Begin SOFABoot HealthChecker readiness check.
2019-01-21 17:56:12,568 INFO  main                             - HealthChecker[sofaModuleHealthChecker] readiness check success with 0 retry.
2019-01-21 17:56:12,568 INFO  main                             - HealthChecker[sofaComponentHealthChecker] readiness check success with 0 retry.
2019-01-21 17:56:12,568 INFO  main                             - SOFABoot HealthChecker readiness check result: success.
2019-01-21 17:56:12,569 INFO  main                             - Begin SOFABoot HealthIndicator readiness check.
2019-01-21 17:56:12,938 INFO  main                             - HealthIndicator[dbHealthIndicator] readiness check success.
2019-01-21 17:56:12,938 INFO  main                             - HealthIndicator[diskSpaceHealthIndicator] readiness check success.
2019-01-21 17:56:12,938 INFO  main                             - SOFABoot HealthIndicator readiness check result: success.
2019-01-21 17:56:12,938 INFO  main                             - Begin ReadinessCheckCallback readiness check
2019-01-21 17:56:13,398 INFO  main                             - SOFABoot ReadinessCheckCallback[rpcAfterHealthCheckCallback] check success.
2019-01-21 17:56:13,400 INFO  main                             - ReadinessCheckCallback readiness check result: success.
2019-01-21 17:56:13,400 INFO  main                             - Readiness check result: success
2019-01-21 17:59:20,706 INFO  main                             - SOFABoot HealthCheck Starting!
2019-01-21 17:59:30,828 INFO  main                             - SOFABoot HealthCheck Starting!
2019-01-21 17:59:46,045 INFO  main                             - Found 2 HealthChecker implementation:sofaModuleHealthChecker,sofaComponentHealthChecker
2019-01-21 17:59:46,050 INFO  main                             - Found 3 HealthIndicator implementation:sofaBootHealthIndicator,dbHealthIndicator,diskSpaceHealthIndicator
2019-01-21 17:59:46,052 INFO  main                             - Found 1 ReadinessCheckCallback implementation: rpcAfterHealthCheckCallback
2019-01-21 17:59:46,053 INFO  main                             - Begin SOFABoot HealthChecker readiness check.
2019-01-21 17:59:46,055 INFO  main                             - HealthChecker[sofaModuleHealthChecker] readiness check success with 0 retry.
2019-01-21 17:59:46,056 INFO  main                             - HealthChecker[sofaComponentHealthChecker] readiness check success with 0 retry.
2019-01-21 17:59:46,056 INFO  main                             - SOFABoot HealthChecker readiness check result: success.
2019-01-21 17:59:46,057 INFO  main                             - Begin SOFABoot HealthIndicator readiness check.
2019-01-21 17:59:46,817 INFO  main                             - HealthIndicator[dbHealthIndicator] readiness check success.
2019-01-21 17:59:46,817 INFO  main                             - HealthIndicator[diskSpaceHealthIndicator] readiness check success.
2019-01-21 17:59:46,818 INFO  main                             - SOFABoot HealthIndicator readiness check result: success.
2019-01-21 17:59:46,818 INFO  main                             - Begin ReadinessCheckCallback readiness check
2019-01-21 17:59:47,804 INFO  main                             - SOFABoot ReadinessCheckCallback[rpcAfterHealthCheckCallback] check success.
2019-01-21 17:59:47,804 INFO  main                             - ReadinessCheckCallback readiness check result: success.
2019-01-21 17:59:47,804 INFO  main                             - Readiness check result: success
2019-01-21 17:59:50,801 INFO  main                             - Found 2 HealthChecker implementation:sofaModuleHealthChecker,sofaComponentHealthChecker
2019-01-21 17:59:50,806 INFO  main                             - Found 3 HealthIndicator implementation:sofaBootHealthIndicator,dbHealthIndicator,diskSpaceHealthIndicator
2019-01-21 17:59:50,809 INFO  main                             - Found 1 ReadinessCheckCallback implementation: rpcAfterHealthCheckCallback
2019-01-21 17:59:50,811 INFO  main                             - Begin SOFABoot HealthChecker readiness check.
2019-01-21 17:59:50,817 INFO  main                             - HealthChecker[sofaModuleHealthChecker] readiness check success with 0 retry.
2019-01-21 17:59:50,817 INFO  main                             - HealthChecker[sofaComponentHealthChecker] readiness check success with 0 retry.
2019-01-21 17:59:50,818 INFO  main                             - SOFABoot HealthChecker readiness check result: success.
2019-01-21 17:59:50,818 INFO  main                             - Begin SOFABoot HealthIndicator readiness check.
2019-01-21 17:59:51,615 INFO  main                             - HealthIndicator[dbHealthIndicator] readiness check success.
2019-01-21 17:59:51,615 INFO  main                             - HealthIndicator[diskSpaceHealthIndicator] readiness check success.
2019-01-21 17:59:51,615 INFO  main                             - SOFABoot HealthIndicator readiness check result: success.
2019-01-21 17:59:51,615 INFO  main                             - Begin ReadinessCheckCallback readiness check
2019-01-21 17:59:51,772 INFO  main                             - SOFABoot ReadinessCheckCallback[rpcAfterHealthCheckCallback] check success.
2019-01-21 17:59:51,772 INFO  main                             - ReadinessCheckCallback readiness check result: success.
2019-01-21 17:59:51,772 INFO  main                             - Readiness check result: success
2019-01-21 18:06:38,750 INFO  main                             - SOFABoot HealthCheck Starting!
2019-01-21 18:06:44,283 INFO  main                             - Found 2 HealthChecker implementation:sofaModuleHealthChecker,sofaComponentHealthChecker
2019-01-21 18:06:44,287 INFO  main                             - Found 3 HealthIndicator implementation:sofaBootHealthIndicator,dbHealthIndicator,diskSpaceHealthIndicator
2019-01-21 18:06:44,288 INFO  main                             - Found 1 ReadinessCheckCallback implementation: rpcAfterHealthCheckCallback
2019-01-21 18:06:44,289 INFO  main                             - Begin SOFABoot HealthChecker readiness check.
2019-01-21 18:06:44,291 INFO  main                             - HealthChecker[sofaModuleHealthChecker] readiness check success with 0 retry.
2019-01-21 18:06:44,291 INFO  main                             - HealthChecker[sofaComponentHealthChecker] readiness check success with 0 retry.
2019-01-21 18:06:44,292 INFO  main                             - SOFABoot HealthChecker readiness check result: success.
2019-01-21 18:06:44,293 INFO  main                             - Begin SOFABoot HealthIndicator readiness check.
2019-01-21 18:06:44,561 INFO  main                             - HealthIndicator[dbHealthIndicator] readiness check success.
2019-01-21 18:06:44,562 INFO  main                             - HealthIndicator[diskSpaceHealthIndicator] readiness check success.
2019-01-21 18:06:44,562 INFO  main                             - SOFABoot HealthIndicator readiness check result: success.
2019-01-21 18:06:44,562 INFO  main                             - Begin ReadinessCheckCallback readiness check
2019-01-21 18:06:44,862 INFO  main                             - SOFABoot ReadinessCheckCallback[rpcAfterHealthCheckCallback] check success.
2019-01-21 18:06:44,862 INFO  main                             - ReadinessCheckCallback readiness check result: success.
2019-01-21 18:06:44,862 INFO  main                             - Readiness check result: success
2019-01-21 18:22:48,068 INFO  main                             - SOFABoot HealthCheck Starting!
2019-01-21 18:22:54,319 INFO  main                             - Found 2 HealthChecker implementation:sofaModuleHealthChecker,sofaComponentHealthChecker
2019-01-21 18:22:54,321 INFO  main                             - Found 3 HealthIndicator implementation:sofaBootHealthIndicator,dbHealthIndicator,diskSpaceHealthIndicator
2019-01-21 18:22:54,322 INFO  main                             - Found 1 ReadinessCheckCallback implementation: rpcAfterHealthCheckCallback
2019-01-21 18:22:54,323 INFO  main                             - Begin SOFABoot HealthChecker readiness check.
2019-01-21 18:22:54,324 INFO  main                             - HealthChecker[sofaModuleHealthChecker] readiness check success with 0 retry.
2019-01-21 18:22:54,325 INFO  main                             - HealthChecker[sofaComponentHealthChecker] readiness check success with 0 retry.
2019-01-21 18:22:54,325 INFO  main                             - SOFABoot HealthChecker readiness check result: success.
2019-01-21 18:22:54,325 INFO  main                             - Begin SOFABoot HealthIndicator readiness check.
2019-01-21 18:22:54,639 INFO  main                             - HealthIndicator[dbHealthIndicator] readiness check success.
2019-01-21 18:22:54,640 INFO  main                             - HealthIndicator[diskSpaceHealthIndicator] readiness check success.
2019-01-21 18:22:54,640 INFO  main                             - SOFABoot HealthIndicator readiness check result: success.
2019-01-21 18:22:54,640 INFO  main                             - Begin ReadinessCheckCallback readiness check
2019-01-21 18:22:55,140 INFO  main                             - SOFABoot ReadinessCheckCallback[rpcAfterHealthCheckCallback] check success.
2019-01-21 18:22:55,140 INFO  main                             - ReadinessCheckCallback readiness check result: success.
2019-01-21 18:22:55,140 INFO  main                             - Readiness check result: success
2019-01-21 18:45:10,837 INFO  main                             - SOFABoot HealthCheck Starting!
2019-01-21 18:45:16,758 INFO  main                             - Found 2 HealthChecker implementation:sofaModuleHealthChecker,sofaComponentHealthChecker
2019-01-21 18:45:16,760 INFO  main                             - Found 3 HealthIndicator implementation:sofaBootHealthIndicator,dbHealthIndicator,diskSpaceHealthIndicator
2019-01-21 18:45:16,763 INFO  main                             - Found 1 ReadinessCheckCallback implementation: rpcAfterHealthCheckCallback
2019-01-21 18:45:16,763 INFO  main                             - Begin SOFABoot HealthChecker readiness check.
2019-01-21 18:45:16,765 INFO  main                             - HealthChecker[sofaModuleHealthChecker] readiness check success with 0 retry.
2019-01-21 18:45:16,765 INFO  main                             - HealthChecker[sofaComponentHealthChecker] readiness check success with 0 retry.
2019-01-21 18:45:16,765 INFO  main                             - SOFABoot HealthChecker readiness check result: success.
2019-01-21 18:45:16,766 INFO  main                             - Begin SOFABoot HealthIndicator readiness check.
2019-01-21 18:45:16,976 INFO  main                             - HealthIndicator[dbHealthIndicator] readiness check success.
2019-01-21 18:45:16,977 INFO  main                             - HealthIndicator[diskSpaceHealthIndicator] readiness check success.
2019-01-21 18:45:16,977 INFO  main                             - SOFABoot HealthIndicator readiness check result: success.
2019-01-21 18:45:16,977 INFO  main                             - Begin ReadinessCheckCallback readiness check
2019-01-21 18:45:17,288 INFO  main                             - SOFABoot ReadinessCheckCallback[rpcAfterHealthCheckCallback] check success.
2019-01-21 18:45:17,289 INFO  main                             - ReadinessCheckCallback readiness check result: success.
2019-01-21 18:45:17,289 INFO  main                             - Readiness check result: success
