2019-01-21 17:25:09,496 INFO  main                             - SOFABoot Runtime Starting!
2019-01-21 17:25:13,684 INFO  main                             - Registering component: reference:com.example.demo.service.UserService:#226679324
2019-01-21 17:25:13,684 INFO  main                             -  >>In Binding [bolt] Begins - com.example.demo.service.UserService.
2019-01-21 17:25:14,635 INFO  main                             -  >>In Binding [bolt] Ends - com.example.demo.service.UserService.
2019-01-21 17:25:14,635 INFO  main                             -  >>In Binding [jvm] Begins - com.example.demo.service.UserService.
2019-01-21 17:25:14,638 INFO  main                             -  >>In Binding [jvm] Ends - com.example.demo.service.UserService.
2019-01-21 17:25:16,159 INFO  main                             - Registering component: service:com.example.demo.service.UserService
2019-01-21 17:25:16,159 INFO  main                             -  <<PreOut Binding [bolt] Begins - com.example.demo.service.UserService.
2019-01-21 17:25:16,163 INFO  main                             -  <<PreOut Binding [bolt] Ends - com.example.demo.service.UserService.
2019-01-21 17:25:16,164 INFO  main                             -  <<Out Binding [bolt] Begins - com.example.demo.service.UserService.
2019-01-21 17:25:16,191 INFO  main                             -  <<Out Binding [bolt] Ends - com.example.demo.service.UserService.
2019-01-21 17:25:16,192 INFO  main                             - Register Service - com.example.demo.service.UserService
2019-01-21 17:25:16,230 INFO  main                             - ++++++++++++++++++ ModelCreatingStage of SOFABoot Demo Start +++++++++++++++++
2019-01-21 17:25:16,234 INFO  main                             - ++++++++++++++++++ ModelCreatingStage of SOFABoot Demo End +++++++++++++++++
2019-01-21 17:25:16,234 INFO  main                             - ++++++++++++++++++ SpringContextInstallStage of SOFABoot Demo Start +++++++++++++++++
2019-01-21 17:25:16,235 INFO  main                             - 
All activated module list(0) >>>>>>>

Modules that could install(0) >>>>>>>

2019-01-21 17:25:16,236 INFO  main                             - ++++++++++++++++++ SpringContextInstallStage of SOFABoot Demo End +++++++++++++++++
2019-01-21 17:25:16,236 INFO  main                             - ++++++++++++++++++ ModuleLogOutputStage of SOFABoot Demo Start +++++++++++++++++
2019-01-21 17:25:16,236 INFO  main                             - 
Spring context initialize success module list(0) >>>>>>> [totalTime = 0 ms, realTime = 0 ms]

Spring context initialize failed module list(0) >>>>>>>

Spring bean load time cost list(0) >>>>>>> [totalTime = 0 ms, realTime = 0 ms]

2019-01-21 17:25:16,236 INFO  main                             - ++++++++++++++++++ ModuleLogOutputStage of SOFABoot Demo End +++++++++++++++++
2019-01-21 17:26:18,550 INFO  main                             - SOFABoot Runtime Starting!
2019-01-21 17:26:23,341 INFO  main                             - Registering component: reference:com.example.demo.service.UserService:#-853265494
2019-01-21 17:26:23,341 INFO  main                             -  >>In Binding [bolt] Begins - com.example.demo.service.UserService.
2019-01-21 17:26:24,039 INFO  main                             -  >>In Binding [bolt] Ends - com.example.demo.service.UserService.
2019-01-21 17:26:24,039 INFO  main                             -  >>In Binding [jvm] Begins - com.example.demo.service.UserService.
2019-01-21 17:26:24,043 INFO  main                             -  >>In Binding [jvm] Ends - com.example.demo.service.UserService.
2019-01-21 17:26:25,842 INFO  main                             - Registering component: service:com.example.demo.service.UserService
2019-01-21 17:26:25,843 INFO  main                             -  <<PreOut Binding [bolt] Begins - com.example.demo.service.UserService.
2019-01-21 17:26:25,864 INFO  main                             -  <<PreOut Binding [bolt] Ends - com.example.demo.service.UserService.
2019-01-21 17:26:25,864 INFO  main                             -  <<Out Binding [bolt] Begins - com.example.demo.service.UserService.
2019-01-21 17:26:25,921 INFO  main                             -  <<Out Binding [bolt] Ends - com.example.demo.service.UserService.
2019-01-21 17:26:25,921 INFO  main                             - Register Service - com.example.demo.service.UserService
2019-01-21 17:26:26,026 INFO  main                             - ++++++++++++++++++ ModelCreatingStage of SOFABoot Demo Start +++++++++++++++++
2019-01-21 17:26:26,029 INFO  main                             - ++++++++++++++++++ ModelCreatingStage of SOFABoot Demo End +++++++++++++++++
2019-01-21 17:26:26,029 INFO  main                             - ++++++++++++++++++ SpringContextInstallStage of SOFABoot Demo Start +++++++++++++++++
2019-01-21 17:26:26,030 INFO  main                             - 
All activated module list(0) >>>>>>>

Modules that could install(0) >>>>>>>

2019-01-21 17:26:26,039 INFO  main                             - ++++++++++++++++++ SpringContextInstallStage of SOFABoot Demo End +++++++++++++++++
2019-01-21 17:26:26,040 INFO  main                             - ++++++++++++++++++ ModuleLogOutputStage of SOFABoot Demo Start +++++++++++++++++
2019-01-21 17:26:26,041 INFO  main                             - 
Spring context initialize success module list(0) >>>>>>> [totalTime = 0 ms, realTime = 0 ms]

Spring context initialize failed module list(0) >>>>>>>

Spring bean load time cost list(0) >>>>>>> [totalTime = 0 ms, realTime = 0 ms]

2019-01-21 17:26:26,041 INFO  main                             - ++++++++++++++++++ ModuleLogOutputStage of SOFABoot Demo End +++++++++++++++++
2019-01-21 17:55:22,887 INFO  main                             - SOFABoot Runtime Starting!
2019-01-21 17:55:27,622 INFO  main                             - Registering component: reference:com.example.demo.service.UserService:#-1477548424
2019-01-21 17:55:27,622 INFO  main                             -  >>In Binding [bolt] Begins - com.example.demo.service.UserService.
2019-01-21 17:55:29,412 INFO  main                             -  >>In Binding [bolt] Ends - com.example.demo.service.UserService.
2019-01-21 17:55:29,413 INFO  main                             -  >>In Binding [jvm] Begins - com.example.demo.service.UserService.
2019-01-21 17:55:29,423 INFO  main                             -  >>In Binding [jvm] Ends - com.example.demo.service.UserService.
2019-01-21 17:55:38,172 INFO  main                             - Registering component: service:com.example.demo.service.UserService
2019-01-21 17:55:38,172 INFO  main                             -  <<PreOut Binding [bolt] Begins - com.example.demo.service.UserService.
2019-01-21 17:55:38,206 INFO  main                             -  <<PreOut Binding [bolt] Ends - com.example.demo.service.UserService.
2019-01-21 17:55:38,206 INFO  main                             -  <<Out Binding [bolt] Begins - com.example.demo.service.UserService.
2019-01-21 17:55:38,263 INFO  main                             -  <<Out Binding [bolt] Ends - com.example.demo.service.UserService.
2019-01-21 17:55:38,263 INFO  main                             - Register Service - com.example.demo.service.UserService
2019-01-21 17:55:38,357 INFO  main                             - ++++++++++++++++++ ModelCreatingStage of SOFABoot Demo Start +++++++++++++++++
2019-01-21 17:55:38,362 INFO  main                             - ++++++++++++++++++ ModelCreatingStage of SOFABoot Demo End +++++++++++++++++
2019-01-21 17:55:38,363 INFO  main                             - ++++++++++++++++++ SpringContextInstallStage of SOFABoot Demo Start +++++++++++++++++
2019-01-21 17:55:38,363 INFO  main                             - 
All activated module list(0) >>>>>>>

Modules that could install(0) >>>>>>>

2019-01-21 17:55:38,368 INFO  main                             - ++++++++++++++++++ SpringContextInstallStage of SOFABoot Demo End +++++++++++++++++
2019-01-21 17:55:38,368 INFO  main                             - ++++++++++++++++++ ModuleLogOutputStage of SOFABoot Demo Start +++++++++++++++++
2019-01-21 17:55:38,368 INFO  main                             - 
Spring context initialize success module list(0) >>>>>>> [totalTime = 0 ms, realTime = 0 ms]

Spring context initialize failed module list(0) >>>>>>>

Spring bean load time cost list(0) >>>>>>> [totalTime = 0 ms, realTime = 0 ms]

2019-01-21 17:55:38,369 INFO  main                             - ++++++++++++++++++ ModuleLogOutputStage of SOFABoot Demo End +++++++++++++++++
2019-01-21 17:56:01,826 INFO  main                             - SOFABoot Runtime Starting!
2019-01-21 17:56:05,461 INFO  main                             - Registering component: reference:com.example.demo.service.UserService:#466346000
2019-01-21 17:56:05,461 INFO  main                             -  >>In Binding [bolt] Begins - com.example.demo.service.UserService.
2019-01-21 17:56:06,855 INFO  main                             -  >>In Binding [bolt] Ends - com.example.demo.service.UserService.
2019-01-21 17:56:06,855 INFO  main                             -  >>In Binding [jvm] Begins - com.example.demo.service.UserService.
2019-01-21 17:56:06,879 INFO  main                             -  >>In Binding [jvm] Ends - com.example.demo.service.UserService.
2019-01-21 17:56:12,471 INFO  main                             - Registering component: service:com.example.demo.service.UserService
2019-01-21 17:56:12,472 INFO  main                             -  <<PreOut Binding [bolt] Begins - com.example.demo.service.UserService.
2019-01-21 17:56:12,479 INFO  main                             -  <<PreOut Binding [bolt] Ends - com.example.demo.service.UserService.
2019-01-21 17:56:12,479 INFO  main                             -  <<Out Binding [bolt] Begins - com.example.demo.service.UserService.
2019-01-21 17:56:12,512 INFO  main                             -  <<Out Binding [bolt] Ends - com.example.demo.service.UserService.
2019-01-21 17:56:12,513 INFO  main                             - Register Service - com.example.demo.service.UserService
2019-01-21 17:56:12,550 INFO  main                             - ++++++++++++++++++ ModelCreatingStage of SOFABoot Demo Start +++++++++++++++++
2019-01-21 17:56:12,552 INFO  main                             - ++++++++++++++++++ ModelCreatingStage of SOFABoot Demo End +++++++++++++++++
2019-01-21 17:56:12,552 INFO  main                             - ++++++++++++++++++ SpringContextInstallStage of SOFABoot Demo Start +++++++++++++++++
2019-01-21 17:56:12,552 INFO  main                             - 
All activated module list(0) >>>>>>>

Modules that could install(0) >>>>>>>

2019-01-21 17:56:12,556 INFO  main                             - ++++++++++++++++++ SpringContextInstallStage of SOFABoot Demo End +++++++++++++++++
2019-01-21 17:56:12,556 INFO  main                             - ++++++++++++++++++ ModuleLogOutputStage of SOFABoot Demo Start +++++++++++++++++
2019-01-21 17:56:12,556 INFO  main                             - 
Spring context initialize success module list(0) >>>>>>> [totalTime = 0 ms, realTime = 0 ms]

Spring context initialize failed module list(0) >>>>>>>

Spring bean load time cost list(0) >>>>>>> [totalTime = 0 ms, realTime = 0 ms]

2019-01-21 17:56:12,556 INFO  main                             - ++++++++++++++++++ ModuleLogOutputStage of SOFABoot Demo End +++++++++++++++++
2019-01-21 17:59:21,610 INFO  main                             - SOFABoot Runtime Starting!
2019-01-21 17:59:31,286 INFO  main                             - SOFABoot Runtime Starting!
2019-01-21 17:59:32,764 INFO  main                             - Registering component: reference:com.example.demo.service.UserService:#-791417869
2019-01-21 17:59:32,764 INFO  main                             -  >>In Binding [bolt] Begins - com.example.demo.service.UserService.
2019-01-21 17:59:35,602 INFO  main                             -  >>In Binding [bolt] Ends - com.example.demo.service.UserService.
2019-01-21 17:59:35,602 INFO  main                             -  >>In Binding [jvm] Begins - com.example.demo.service.UserService.
2019-01-21 17:59:35,609 INFO  main                             -  >>In Binding [jvm] Ends - com.example.demo.service.UserService.
2019-01-21 17:59:38,910 INFO  main                             - Registering component: reference:com.example.demo.service.UserService:#-1477548424
2019-01-21 17:59:38,911 INFO  main                             -  >>In Binding [bolt] Begins - com.example.demo.service.UserService.
2019-01-21 17:59:41,167 INFO  main                             -  >>In Binding [bolt] Ends - com.example.demo.service.UserService.
2019-01-21 17:59:41,167 INFO  main                             -  >>In Binding [jvm] Begins - com.example.demo.service.UserService.
2019-01-21 17:59:41,172 INFO  main                             -  >>In Binding [jvm] Ends - com.example.demo.service.UserService.
2019-01-21 17:59:45,786 INFO  main                             - Registering component: service:com.example.demo.service.UserService
2019-01-21 17:59:45,789 INFO  main                             -  <<PreOut Binding [bolt] Begins - com.example.demo.service.UserService.
2019-01-21 17:59:45,800 INFO  main                             -  <<PreOut Binding [bolt] Ends - com.example.demo.service.UserService.
2019-01-21 17:59:45,800 INFO  main                             -  <<Out Binding [bolt] Begins - com.example.demo.service.UserService.
2019-01-21 17:59:45,859 INFO  main                             -  <<Out Binding [bolt] Ends - com.example.demo.service.UserService.
2019-01-21 17:59:45,859 INFO  main                             - Register Service - com.example.demo.service.UserService
2019-01-21 17:59:46,022 INFO  main                             - ++++++++++++++++++ ModelCreatingStage of SOFABoot Demo Start +++++++++++++++++
2019-01-21 17:59:46,036 INFO  main                             - ++++++++++++++++++ ModelCreatingStage of SOFABoot Demo End +++++++++++++++++
2019-01-21 17:59:46,036 INFO  main                             - ++++++++++++++++++ SpringContextInstallStage of SOFABoot Demo Start +++++++++++++++++
2019-01-21 17:59:46,037 INFO  main                             - 
All activated module list(0) >>>>>>>

Modules that could install(0) >>>>>>>

2019-01-21 17:59:46,041 INFO  main                             - ++++++++++++++++++ SpringContextInstallStage of SOFABoot Demo End +++++++++++++++++
2019-01-21 17:59:46,041 INFO  main                             - ++++++++++++++++++ ModuleLogOutputStage of SOFABoot Demo Start +++++++++++++++++
2019-01-21 17:59:46,042 INFO  main                             - 
Spring context initialize success module list(0) >>>>>>> [totalTime = 0 ms, realTime = 0 ms]

Spring context initialize failed module list(0) >>>>>>>

Spring bean load time cost list(0) >>>>>>> [totalTime = 0 ms, realTime = 0 ms]

2019-01-21 17:59:46,042 INFO  main                             - ++++++++++++++++++ ModuleLogOutputStage of SOFABoot Demo End +++++++++++++++++
2019-01-21 17:59:50,566 INFO  main                             - Registering component: service:com.example.demo.service.UserService
2019-01-21 17:59:50,566 INFO  main                             -  <<PreOut Binding [bolt] Begins - com.example.demo.service.UserService.
2019-01-21 17:59:50,642 INFO  main                             -  <<PreOut Binding [bolt] Ends - com.example.demo.service.UserService.
2019-01-21 17:59:50,644 INFO  main                             -  <<Out Binding [bolt] Begins - com.example.demo.service.UserService.
2019-01-21 17:59:50,729 INFO  main                             -  <<Out Binding [bolt] Ends - com.example.demo.service.UserService.
2019-01-21 17:59:50,730 INFO  main                             - Register Service - com.example.demo.service.UserService
2019-01-21 17:59:50,785 INFO  main                             - ++++++++++++++++++ ModelCreatingStage of SOFABoot Demo Start +++++++++++++++++
2019-01-21 17:59:50,788 INFO  main                             - ++++++++++++++++++ ModelCreatingStage of SOFABoot Demo End +++++++++++++++++
2019-01-21 17:59:50,788 INFO  main                             - ++++++++++++++++++ SpringContextInstallStage of SOFABoot Demo Start +++++++++++++++++
2019-01-21 17:59:50,788 INFO  main                             - 
All activated module list(0) >>>>>>>

Modules that could install(0) >>>>>>>

2019-01-21 17:59:50,797 INFO  main                             - ++++++++++++++++++ SpringContextInstallStage of SOFABoot Demo End +++++++++++++++++
2019-01-21 17:59:50,797 INFO  main                             - ++++++++++++++++++ ModuleLogOutputStage of SOFABoot Demo Start +++++++++++++++++
2019-01-21 17:59:50,797 INFO  main                             - 
Spring context initialize success module list(0) >>>>>>> [totalTime = 0 ms, realTime = 0 ms]

Spring context initialize failed module list(0) >>>>>>>

Spring bean load time cost list(0) >>>>>>> [totalTime = 0 ms, realTime = 0 ms]

2019-01-21 17:59:50,798 INFO  main                             - ++++++++++++++++++ ModuleLogOutputStage of SOFABoot Demo End +++++++++++++++++
2019-01-21 18:06:38,924 INFO  main                             - SOFABoot Runtime Starting!
2019-01-21 18:06:42,489 INFO  main                             - Registering component: reference:com.example.demo.service.UserService:#1122695043
2019-01-21 18:06:42,490 INFO  main                             -  >>In Binding [bolt] Begins - com.example.demo.service.UserService.
2019-01-21 18:06:43,184 INFO  main                             -  >>In Binding [bolt] Ends - com.example.demo.service.UserService.
2019-01-21 18:06:43,185 INFO  main                             -  >>In Binding [jvm] Begins - com.example.demo.service.UserService.
2019-01-21 18:06:43,188 INFO  main                             -  >>In Binding [jvm] Ends - com.example.demo.service.UserService.
2019-01-21 18:06:44,194 INFO  main                             - Registering component: service:com.example.demo.service.UserService
2019-01-21 18:06:44,195 INFO  main                             -  <<PreOut Binding [bolt] Begins - com.example.demo.service.UserService.
2019-01-21 18:06:44,201 INFO  main                             -  <<PreOut Binding [bolt] Ends - com.example.demo.service.UserService.
2019-01-21 18:06:44,201 INFO  main                             -  <<Out Binding [bolt] Begins - com.example.demo.service.UserService.
2019-01-21 18:06:44,232 INFO  main                             -  <<Out Binding [bolt] Ends - com.example.demo.service.UserService.
2019-01-21 18:06:44,232 INFO  main                             - Register Service - com.example.demo.service.UserService
2019-01-21 18:06:44,276 INFO  main                             - ++++++++++++++++++ ModelCreatingStage of SOFABoot Demo Start +++++++++++++++++
2019-01-21 18:06:44,279 INFO  main                             - ++++++++++++++++++ ModelCreatingStage of SOFABoot Demo End +++++++++++++++++
2019-01-21 18:06:44,279 INFO  main                             - ++++++++++++++++++ SpringContextInstallStage of SOFABoot Demo Start +++++++++++++++++
2019-01-21 18:06:44,279 INFO  main                             - 
All activated module list(0) >>>>>>>

Modules that could install(0) >>>>>>>

2019-01-21 18:06:44,281 INFO  main                             - ++++++++++++++++++ SpringContextInstallStage of SOFABoot Demo End +++++++++++++++++
2019-01-21 18:06:44,281 INFO  main                             - ++++++++++++++++++ ModuleLogOutputStage of SOFABoot Demo Start +++++++++++++++++
2019-01-21 18:06:44,281 INFO  main                             - 
Spring context initialize success module list(0) >>>>>>> [totalTime = 0 ms, realTime = 0 ms]

Spring context initialize failed module list(0) >>>>>>>

Spring bean load time cost list(0) >>>>>>> [totalTime = 0 ms, realTime = 0 ms]

2019-01-21 18:06:44,281 INFO  main                             - ++++++++++++++++++ ModuleLogOutputStage of SOFABoot Demo End +++++++++++++++++
2019-01-21 18:22:48,233 INFO  main                             - SOFABoot Runtime Starting!
2019-01-21 18:22:52,136 INFO  main                             - Registering component: reference:com.example.demo.service.UserService:#719329186
2019-01-21 18:22:52,137 INFO  main                             -  >>In Binding [bolt] Begins - com.example.demo.service.UserService.
2019-01-21 18:22:53,021 INFO  main                             -  >>In Binding [bolt] Ends - com.example.demo.service.UserService.
2019-01-21 18:22:53,022 INFO  main                             -  >>In Binding [jvm] Begins - com.example.demo.service.UserService.
2019-01-21 18:22:53,029 INFO  main                             -  >>In Binding [jvm] Ends - com.example.demo.service.UserService.
2019-01-21 18:22:54,227 INFO  main                             - Registering component: service:com.example.demo.service.UserService
2019-01-21 18:22:54,227 INFO  main                             -  <<PreOut Binding [bolt] Begins - com.example.demo.service.UserService.
2019-01-21 18:22:54,234 INFO  main                             -  <<PreOut Binding [bolt] Ends - com.example.demo.service.UserService.
2019-01-21 18:22:54,234 INFO  main                             -  <<Out Binding [bolt] Begins - com.example.demo.service.UserService.
2019-01-21 18:22:54,267 INFO  main                             -  <<Out Binding [bolt] Ends - com.example.demo.service.UserService.
2019-01-21 18:22:54,267 INFO  main                             - Register Service - com.example.demo.service.UserService
2019-01-21 18:22:54,311 INFO  main                             - ++++++++++++++++++ ModelCreatingStage of SOFABoot Demo Start +++++++++++++++++
2019-01-21 18:22:54,314 INFO  main                             - ++++++++++++++++++ ModelCreatingStage of SOFABoot Demo End +++++++++++++++++
2019-01-21 18:22:54,314 INFO  main                             - ++++++++++++++++++ SpringContextInstallStage of SOFABoot Demo Start +++++++++++++++++
2019-01-21 18:22:54,314 INFO  main                             - 
All activated module list(0) >>>>>>>

Modules that could install(0) >>>>>>>

2019-01-21 18:22:54,316 INFO  main                             - ++++++++++++++++++ SpringContextInstallStage of SOFABoot Demo End +++++++++++++++++
2019-01-21 18:22:54,316 INFO  main                             - ++++++++++++++++++ ModuleLogOutputStage of SOFABoot Demo Start +++++++++++++++++
2019-01-21 18:22:54,316 INFO  main                             - 
Spring context initialize success module list(0) >>>>>>> [totalTime = 0 ms, realTime = 0 ms]

Spring context initialize failed module list(0) >>>>>>>

Spring bean load time cost list(0) >>>>>>> [totalTime = 0 ms, realTime = 0 ms]

2019-01-21 18:22:54,317 INFO  main                             - ++++++++++++++++++ ModuleLogOutputStage of SOFABoot Demo End +++++++++++++++++
2019-01-21 18:45:11,038 INFO  main                             - SOFABoot Runtime Starting!
2019-01-21 18:45:14,742 INFO  main                             - Registering component: reference:com.example.demo.service.UserService:#1601416239
2019-01-21 18:45:14,742 INFO  main                             -  >>In Binding [bolt] Begins - com.example.demo.service.UserService.
2019-01-21 18:45:15,358 INFO  main                             -  >>In Binding [bolt] Ends - com.example.demo.service.UserService.
2019-01-21 18:45:15,358 INFO  main                             -  >>In Binding [jvm] Begins - com.example.demo.service.UserService.
2019-01-21 18:45:15,361 INFO  main                             -  >>In Binding [jvm] Ends - com.example.demo.service.UserService.
2019-01-21 18:45:16,653 INFO  main                             - Registering component: service:com.example.demo.service.UserService
2019-01-21 18:45:16,653 INFO  main                             -  <<PreOut Binding [bolt] Begins - com.example.demo.service.UserService.
2019-01-21 18:45:16,658 INFO  main                             -  <<PreOut Binding [bolt] Ends - com.example.demo.service.UserService.
2019-01-21 18:45:16,658 INFO  main                             -  <<Out Binding [bolt] Begins - com.example.demo.service.UserService.
2019-01-21 18:45:16,714 INFO  main                             -  <<Out Binding [bolt] Ends - com.example.demo.service.UserService.
2019-01-21 18:45:16,714 INFO  main                             - Register Service - com.example.demo.service.UserService
2019-01-21 18:45:16,752 INFO  main                             - ++++++++++++++++++ ModelCreatingStage of SOFABoot Demo Start +++++++++++++++++
2019-01-21 18:45:16,754 INFO  main                             - ++++++++++++++++++ ModelCreatingStage of SOFABoot Demo End +++++++++++++++++
2019-01-21 18:45:16,754 INFO  main                             - ++++++++++++++++++ SpringContextInstallStage of SOFABoot Demo Start +++++++++++++++++
2019-01-21 18:45:16,754 INFO  main                             - 
All activated module list(0) >>>>>>>

Modules that could install(0) >>>>>>>

2019-01-21 18:45:16,755 INFO  main                             - ++++++++++++++++++ SpringContextInstallStage of SOFABoot Demo End +++++++++++++++++
2019-01-21 18:45:16,755 INFO  main                             - ++++++++++++++++++ ModuleLogOutputStage of SOFABoot Demo Start +++++++++++++++++
2019-01-21 18:45:16,755 INFO  main                             - 
Spring context initialize success module list(0) >>>>>>> [totalTime = 0 ms, realTime = 0 ms]

Spring context initialize failed module list(0) >>>>>>>

Spring bean load time cost list(0) >>>>>>> [totalTime = 0 ms, realTime = 0 ms]

2019-01-21 18:45:16,755 INFO  main                             - ++++++++++++++++++ ModuleLogOutputStage of SOFABoot Demo End +++++++++++++++++
